2021-04-23 11:07:30,188  INFO | main | i.v.omt.shipping.ShippingServiceApplication            | Starting ShippingServiceApplication on DESKTOP-VOMVIUL with PID 1900 (E:\Workspaces\PersonalWorkspace\orchestration-microservices-transaction\shipping-service\target\classes started by vf in E:\Workspaces\PersonalWorkspace\orchestration-microservices-transaction\shipping-service) 
2021-04-23 11:07:30,188 DEBUG | main | i.v.omt.shipping.ShippingServiceApplication            | Running with Spring Boot v2.1.10.RELEASE, Spring v5.1.11.RELEASE 
2021-04-23 11:07:30,188  INFO | main | i.v.omt.shipping.ShippingServiceApplication            | The following profiles are active: dev 
2021-04-23 11:07:33,930  INFO | main | i.v.omt.shipping.ShippingServiceApplication            | Started ShippingServiceApplication in 4.358 seconds (JVM running for 5.276) 
2021-04-23 11:12:20,554  INFO | main | i.v.omt.shipping.ShippingServiceApplication            | Starting ShippingServiceApplication on DESKTOP-VOMVIUL with PID 5204 (E:\Workspaces\PersonalWorkspace\orchestration-microservices-transaction\shipping-service\target\classes started by vf in E:\Workspaces\PersonalWorkspace\orchestration-microservices-transaction\shipping-service) 
2021-04-23 11:12:20,555 DEBUG | main | i.v.omt.shipping.ShippingServiceApplication            | Running with Spring Boot v2.1.10.RELEASE, Spring v5.1.11.RELEASE 
2021-04-23 11:12:20,555  INFO | main | i.v.omt.shipping.ShippingServiceApplication            | The following profiles are active: dev 
2021-04-23 11:12:24,440  INFO | main | i.v.omt.shipping.ShippingServiceApplication            | Started ShippingServiceApplication in 4.552 seconds (JVM running for 5.649) 
2021-04-23 13:40:09,013  INFO | main | i.v.omt.shipping.ShippingServiceApplication            | Starting ShippingServiceApplication on DESKTOP-VOMVIUL with PID 4488 (E:\Workspaces\PersonalWorkspace\orchestration-microservices-transaction\shipping-service\target\classes started by vf in E:\Workspaces\PersonalWorkspace\orchestration-microservices-transaction\shipping-service) 
2021-04-23 13:40:09,013 DEBUG | main | i.v.omt.shipping.ShippingServiceApplication            | Running with Spring Boot v2.1.10.RELEASE, Spring v5.1.11.RELEASE 
2021-04-23 13:40:09,013  INFO | main | i.v.omt.shipping.ShippingServiceApplication            | The following profiles are active: dev 
2021-04-23 13:40:12,672  INFO | main | i.v.omt.shipping.ShippingServiceApplication            | Started ShippingServiceApplication in 4.258 seconds (JVM running for 5.204) 
2021-04-23 13:43:01,434  INFO | http-nio-8895-exec-1 | it.vinicioflamini.omt.shipping.service.ShippingService | Shipping completed successfully for order 234 
2021-04-23 13:43:01,434  INFO | http-nio-8895-exec-1 | it.vinicioflamini.omt.shipping.service.ShippingService | Going to send a "ShipmentProcessedEvent" for order 234 
2021-04-23 13:45:54,386  INFO | main | i.v.omt.shipping.ShippingServiceApplication            | Starting ShippingServiceApplication on DESKTOP-VOMVIUL with PID 7484 (E:\Workspaces\PersonalWorkspace\orchestration-microservices-transaction\shipping-service\target\classes started by vf in E:\Workspaces\PersonalWorkspace\orchestration-microservices-transaction\shipping-service) 
2021-04-23 13:45:54,387 DEBUG | main | i.v.omt.shipping.ShippingServiceApplication            | Running with Spring Boot v2.1.10.RELEASE, Spring v5.1.11.RELEASE 
2021-04-23 13:45:54,387  INFO | main | i.v.omt.shipping.ShippingServiceApplication            | The following profiles are active: dev 
2021-04-23 13:45:58,382  INFO | main | i.v.omt.shipping.ShippingServiceApplication            | Started ShippingServiceApplication in 4.62 seconds (JVM running for 5.675) 
2021-04-23 13:46:30,224  INFO | http-nio-8895-exec-2 | it.vinicioflamini.omt.shipping.service.ShippingService | Shipping completed successfully for order 234 
2021-04-23 13:46:30,224  INFO | http-nio-8895-exec-2 | it.vinicioflamini.omt.shipping.service.ShippingService | Going to send a "ShipmentProcessedEvent" for order 234 
2021-04-23 13:46:30,327  INFO | http-nio-8895-exec-2 | it.vinicioflamini.omt.shipping.service.ShippingService | Shipping failed for order id: 234 
2021-04-23 13:46:30,327  INFO | http-nio-8895-exec-2 | it.vinicioflamini.omt.shipping.service.ShippingService | Going to send a "ShipmentFailedEvent" for order 234 
2021-04-23 13:46:30,347  INFO | http-nio-8895-exec-1 | it.vinicioflamini.omt.shipping.service.ShippingService | Shipping failed for order id: 234 
2021-04-23 13:46:30,347  INFO | http-nio-8895-exec-1 | it.vinicioflamini.omt.shipping.service.ShippingService | Going to send a "ShipmentFailedEvent" for order 234 
2021-04-23 13:46:30,378  INFO | http-nio-8895-exec-3 | it.vinicioflamini.omt.shipping.service.ShippingService | Shipping failed for order id: 234 
2021-04-23 13:46:30,378  INFO | http-nio-8895-exec-3 | it.vinicioflamini.omt.shipping.service.ShippingService | Going to send a "ShipmentFailedEvent" for order 234 
2021-04-23 13:46:30,424  INFO | http-nio-8895-exec-4 | it.vinicioflamini.omt.shipping.service.ShippingService | Shipping completed successfully for order 234 
2021-04-23 13:46:30,424  INFO | http-nio-8895-exec-4 | it.vinicioflamini.omt.shipping.service.ShippingService | Going to send a "ShipmentProcessedEvent" for order 234 
2021-04-23 13:46:30,454  INFO | http-nio-8895-exec-5 | it.vinicioflamini.omt.shipping.service.ShippingService | Shipping completed successfully for order 234 
2021-04-23 13:46:30,454  INFO | http-nio-8895-exec-5 | it.vinicioflamini.omt.shipping.service.ShippingService | Going to send a "ShipmentProcessedEvent" for order 234 
2021-04-23 13:46:30,470  INFO | http-nio-8895-exec-7 | it.vinicioflamini.omt.shipping.service.ShippingService | Shipping completed successfully for order 234 
2021-04-23 13:46:30,470  INFO | http-nio-8895-exec-7 | it.vinicioflamini.omt.shipping.service.ShippingService | Going to send a "ShipmentProcessedEvent" for order 234 
2021-04-23 13:46:30,486  INFO | http-nio-8895-exec-6 | it.vinicioflamini.omt.shipping.service.ShippingService | Shipping failed for order id: 234 
2021-04-23 13:46:30,486  INFO | http-nio-8895-exec-6 | it.vinicioflamini.omt.shipping.service.ShippingService | Going to send a "ShipmentFailedEvent" for order 234 
2021-04-23 13:46:30,496  INFO | http-nio-8895-exec-8 | it.vinicioflamini.omt.shipping.service.ShippingService | Shipping failed for order id: 234 
2021-04-23 13:46:30,496  INFO | http-nio-8895-exec-8 | it.vinicioflamini.omt.shipping.service.ShippingService | Going to send a "ShipmentFailedEvent" for order 234 
2021-04-23 13:46:30,502  INFO | http-nio-8895-exec-10 | it.vinicioflamini.omt.shipping.service.ShippingService | Shipping failed for order id: 234 
2021-04-23 13:46:30,502  INFO | http-nio-8895-exec-10 | it.vinicioflamini.omt.shipping.service.ShippingService | Going to send a "ShipmentFailedEvent" for order 234 
2021-04-23 13:46:30,517  INFO | http-nio-8895-exec-9 | it.vinicioflamini.omt.shipping.service.ShippingService | Shipping failed for order id: 234 
2021-04-23 13:46:30,517  INFO | http-nio-8895-exec-9 | it.vinicioflamini.omt.shipping.service.ShippingService | Going to send a "ShipmentFailedEvent" for order 234 
2021-04-23 13:46:30,532  INFO | http-nio-8895-exec-2 | it.vinicioflamini.omt.shipping.service.ShippingService | Shipping completed successfully for order 234 
2021-04-23 13:46:30,532  INFO | http-nio-8895-exec-2 | it.vinicioflamini.omt.shipping.service.ShippingService | Going to send a "ShipmentProcessedEvent" for order 234 
2021-04-23 13:46:30,547  INFO | http-nio-8895-exec-1 | it.vinicioflamini.omt.shipping.service.ShippingService | Shipping failed for order id: 234 
2021-04-23 13:46:30,547  INFO | http-nio-8895-exec-1 | it.vinicioflamini.omt.shipping.service.ShippingService | Going to send a "ShipmentFailedEvent" for order 234 
2021-04-23 13:46:30,555  INFO | http-nio-8895-exec-3 | it.vinicioflamini.omt.shipping.service.ShippingService | Shipping completed successfully for order 234 
2021-04-23 13:46:30,556  INFO | http-nio-8895-exec-3 | it.vinicioflamini.omt.shipping.service.ShippingService | Going to send a "ShipmentProcessedEvent" for order 234 
2021-04-23 13:46:30,579  INFO | http-nio-8895-exec-4 | it.vinicioflamini.omt.shipping.service.ShippingService | Shipping completed successfully for order 234 
2021-04-23 13:46:30,579  INFO | http-nio-8895-exec-4 | it.vinicioflamini.omt.shipping.service.ShippingService | Going to send a "ShipmentProcessedEvent" for order 234 
2021-04-23 13:46:30,595  INFO | http-nio-8895-exec-5 | it.vinicioflamini.omt.shipping.service.ShippingService | Shipping completed successfully for order 234 
2021-04-23 13:46:30,595  INFO | http-nio-8895-exec-5 | it.vinicioflamini.omt.shipping.service.ShippingService | Going to send a "ShipmentProcessedEvent" for order 234 
2021-04-23 13:46:30,626  INFO | http-nio-8895-exec-7 | it.vinicioflamini.omt.shipping.service.ShippingService | Shipping completed successfully for order 234 
2021-04-23 13:46:30,626  INFO | http-nio-8895-exec-7 | it.vinicioflamini.omt.shipping.service.ShippingService | Going to send a "ShipmentProcessedEvent" for order 234 
2021-04-23 13:46:30,705  INFO | http-nio-8895-exec-6 | it.vinicioflamini.omt.shipping.service.ShippingService | Shipping completed successfully for order 234 
2021-04-23 13:46:30,705  INFO | http-nio-8895-exec-6 | it.vinicioflamini.omt.shipping.service.ShippingService | Going to send a "ShipmentProcessedEvent" for order 234 
2021-04-23 13:51:55,185  INFO | main | i.v.omt.shipping.ShippingServiceApplication            | Starting ShippingServiceApplication on DESKTOP-VOMVIUL with PID 12052 (E:\Workspaces\PersonalWorkspace\orchestration-microservices-transaction\shipping-service\target\classes started by vf in E:\Workspaces\PersonalWorkspace\orchestration-microservices-transaction\shipping-service) 
2021-04-23 13:51:55,185 DEBUG | main | i.v.omt.shipping.ShippingServiceApplication            | Running with Spring Boot v2.1.10.RELEASE, Spring v5.1.11.RELEASE 
2021-04-23 13:51:55,185  INFO | main | i.v.omt.shipping.ShippingServiceApplication            | The following profiles are active: dev 
2021-04-23 13:51:58,951  INFO | main | i.v.omt.shipping.ShippingServiceApplication            | Started ShippingServiceApplication in 4.564 seconds (JVM running for 5.536) 
2021-04-23 13:54:03,201  INFO | http-nio-8895-exec-2 | it.vinicioflamini.omt.shipping.service.ShippingService | Shipping completed successfully for order 234 
2021-04-23 13:54:03,201  INFO | http-nio-8895-exec-2 | it.vinicioflamini.omt.shipping.service.ShippingService | Going to send a "ShipmentProcessedEvent" for order 234 
2021-04-23 13:57:42,721  INFO | http-nio-8895-exec-3 | it.vinicioflamini.omt.shipping.service.ShippingService | Shipping failed for order id: 234 
2021-04-23 13:57:42,721  INFO | http-nio-8895-exec-3 | it.vinicioflamini.omt.shipping.service.ShippingService | Going to send a "ShipmentFailedEvent" for order 234 
2021-04-23 13:57:42,753  INFO | http-nio-8895-exec-4 | it.vinicioflamini.omt.shipping.service.ShippingService | Shipping failed for order id: 234 
2021-04-23 13:57:42,753  INFO | http-nio-8895-exec-4 | it.vinicioflamini.omt.shipping.service.ShippingService | Going to send a "ShipmentFailedEvent" for order 234 
2021-04-23 13:57:42,768  INFO | http-nio-8895-exec-6 | it.vinicioflamini.omt.shipping.service.ShippingService | Shipping failed for order id: 234 
2021-04-23 13:57:42,768  INFO | http-nio-8895-exec-6 | it.vinicioflamini.omt.shipping.service.ShippingService | Going to send a "ShipmentFailedEvent" for order 234 
2021-04-23 13:57:42,798  INFO | http-nio-8895-exec-7 | it.vinicioflamini.omt.shipping.service.ShippingService | Shipping failed for order id: 234 
2021-04-23 13:57:42,798  INFO | http-nio-8895-exec-7 | it.vinicioflamini.omt.shipping.service.ShippingService | Going to send a "ShipmentFailedEvent" for order 234 
2021-04-23 13:57:42,799  INFO | http-nio-8895-exec-5 | it.vinicioflamini.omt.shipping.service.ShippingService | Shipping completed successfully for order 234 
2021-04-23 13:57:42,799  INFO | http-nio-8895-exec-5 | it.vinicioflamini.omt.shipping.service.ShippingService | Going to send a "ShipmentProcessedEvent" for order 234 
2021-04-23 13:57:42,847  INFO | http-nio-8895-exec-9 | it.vinicioflamini.omt.shipping.service.ShippingService | Shipping completed successfully for order 234 
2021-04-23 13:57:42,847  INFO | http-nio-8895-exec-9 | it.vinicioflamini.omt.shipping.service.ShippingService | Going to send a "ShipmentProcessedEvent" for order 234 
2021-04-23 13:57:42,891  INFO | http-nio-8895-exec-8 | it.vinicioflamini.omt.shipping.service.ShippingService | Shipping completed successfully for order 234 
2021-04-23 13:57:42,891  INFO | http-nio-8895-exec-8 | it.vinicioflamini.omt.shipping.service.ShippingService | Going to send a "ShipmentProcessedEvent" for order 234 
2021-04-23 14:04:59,349  INFO | http-nio-8895-exec-1 | it.vinicioflamini.omt.shipping.service.ShippingService | Shipping completed successfully for order 234 
2021-04-23 14:04:59,349  INFO | http-nio-8895-exec-1 | it.vinicioflamini.omt.shipping.service.ShippingService | Going to send a "ShipmentProcessedEvent" for order 234 
2021-04-23 14:06:37,516  INFO | http-nio-8895-exec-4 | it.vinicioflamini.omt.shipping.service.ShippingService | Shipping failed for order id: 234 
2021-04-23 14:06:37,516  INFO | http-nio-8895-exec-4 | it.vinicioflamini.omt.shipping.service.ShippingService | Going to send a "ShipmentFailedEvent" for order 234 
2021-04-23 14:06:37,548  INFO | http-nio-8895-exec-6 | it.vinicioflamini.omt.shipping.service.ShippingService | Shipping completed successfully for order 234 
2021-04-23 14:06:37,548  INFO | http-nio-8895-exec-6 | it.vinicioflamini.omt.shipping.service.ShippingService | Going to send a "ShipmentProcessedEvent" for order 234 
2021-04-23 14:08:19,944  INFO | http-nio-8895-exec-7 | it.vinicioflamini.omt.shipping.service.ShippingService | Shipping failed for order id: 234 
2021-04-23 14:08:19,944  INFO | http-nio-8895-exec-7 | it.vinicioflamini.omt.shipping.service.ShippingService | Going to send a "ShipmentFailedEvent" for order 234 
2021-04-23 14:08:19,969  INFO | http-nio-8895-exec-9 | it.vinicioflamini.omt.shipping.service.ShippingService | Shipping completed successfully for order 234 
2021-04-23 14:08:19,970  INFO | http-nio-8895-exec-9 | it.vinicioflamini.omt.shipping.service.ShippingService | Going to send a "ShipmentProcessedEvent" for order 234 
2021-04-23 14:08:24,262  INFO | http-nio-8895-exec-8 | it.vinicioflamini.omt.shipping.service.ShippingService | Shipping failed for order id: 234 
2021-04-23 14:08:24,262  INFO | http-nio-8895-exec-8 | it.vinicioflamini.omt.shipping.service.ShippingService | Going to send a "ShipmentFailedEvent" for order 234 
2021-04-23 14:08:24,292  INFO | http-nio-8895-exec-10 | it.vinicioflamini.omt.shipping.service.ShippingService | Shipping completed successfully for order 234 
2021-04-23 14:08:24,292  INFO | http-nio-8895-exec-10 | it.vinicioflamini.omt.shipping.service.ShippingService | Going to send a "ShipmentProcessedEvent" for order 234 
2021-04-23 14:08:45,534  INFO | http-nio-8895-exec-1 | it.vinicioflamini.omt.shipping.service.ShippingService | Shipping failed for order id: 234 
2021-04-23 14:08:45,534  INFO | http-nio-8895-exec-1 | it.vinicioflamini.omt.shipping.service.ShippingService | Going to send a "ShipmentFailedEvent" for order 234 
2021-04-23 14:08:45,555  INFO | http-nio-8895-exec-3 | it.vinicioflamini.omt.shipping.service.ShippingService | Shipping completed successfully for order 234 
2021-04-23 14:08:45,556  INFO | http-nio-8895-exec-3 | it.vinicioflamini.omt.shipping.service.ShippingService | Going to send a "ShipmentProcessedEvent" for order 234 
2021-04-23 14:08:49,165  INFO | http-nio-8895-exec-4 | it.vinicioflamini.omt.shipping.service.ShippingService | Shipping failed for order id: 234 
2021-04-23 14:08:49,165  INFO | http-nio-8895-exec-4 | it.vinicioflamini.omt.shipping.service.ShippingService | Going to send a "ShipmentFailedEvent" for order 234 
2021-04-23 14:08:49,181  INFO | http-nio-8895-exec-6 | it.vinicioflamini.omt.shipping.service.ShippingService | Shipping completed successfully for order 234 
2021-04-23 14:08:49,181  INFO | http-nio-8895-exec-6 | it.vinicioflamini.omt.shipping.service.ShippingService | Going to send a "ShipmentProcessedEvent" for order 234 
2021-04-23 14:09:39,048  INFO | http-nio-8895-exec-7 | it.vinicioflamini.omt.shipping.service.ShippingService | Shipping completed successfully for order 234 
2021-04-23 14:09:39,049  INFO | http-nio-8895-exec-7 | it.vinicioflamini.omt.shipping.service.ShippingService | Going to send a "ShipmentProcessedEvent" for order 234 
2021-04-23 14:09:46,805  INFO | http-nio-8895-exec-9 | it.vinicioflamini.omt.shipping.service.ShippingService | Shipping completed successfully for order 234 
2021-04-23 14:09:46,805  INFO | http-nio-8895-exec-9 | it.vinicioflamini.omt.shipping.service.ShippingService | Going to send a "ShipmentProcessedEvent" for order 234 
2021-04-23 14:10:33,980  INFO | http-nio-8895-exec-2 | it.vinicioflamini.omt.shipping.service.ShippingService | Shipping failed for order id: 234 
2021-04-23 14:10:33,981  INFO | http-nio-8895-exec-2 | it.vinicioflamini.omt.shipping.service.ShippingService | Going to send a "ShipmentFailedEvent" for order 234 
2021-04-23 14:10:34,001  INFO | http-nio-8895-exec-1 | it.vinicioflamini.omt.shipping.service.ShippingService | Shipping failed for order id: 234 
2021-04-23 14:10:34,001  INFO | http-nio-8895-exec-1 | it.vinicioflamini.omt.shipping.service.ShippingService | Going to send a "ShipmentFailedEvent" for order 234 
2021-04-23 14:10:34,015  INFO | http-nio-8895-exec-3 | it.vinicioflamini.omt.shipping.service.ShippingService | Shipping failed for order id: 234 
2021-04-23 14:10:34,015  INFO | http-nio-8895-exec-3 | it.vinicioflamini.omt.shipping.service.ShippingService | Going to send a "ShipmentFailedEvent" for order 234 
2021-04-23 14:10:34,030  INFO | http-nio-8895-exec-4 | it.vinicioflamini.omt.shipping.service.ShippingService | Shipping completed successfully for order 234 
2021-04-23 14:10:34,030  INFO | http-nio-8895-exec-4 | it.vinicioflamini.omt.shipping.service.ShippingService | Going to send a "ShipmentProcessedEvent" for order 234 
2021-04-23 14:11:20,951  INFO | http-nio-8895-exec-5 | it.vinicioflamini.omt.shipping.service.ShippingService | Shipping completed successfully for order 234 
2021-04-23 14:11:20,951  INFO | http-nio-8895-exec-5 | it.vinicioflamini.omt.shipping.service.ShippingService | Going to send a "ShipmentProcessedEvent" for order 234 
2021-04-23 14:11:58,464  INFO | http-nio-8895-exec-8 | it.vinicioflamini.omt.shipping.service.ShippingService | Shipping completed successfully for order 234 
2021-04-23 14:11:58,465  INFO | http-nio-8895-exec-8 | it.vinicioflamini.omt.shipping.service.ShippingService | Going to send a "ShipmentProcessedEvent" for order 234 
2021-04-23 14:12:50,553  INFO | main | i.v.omt.shipping.ShippingServiceApplication            | Starting ShippingServiceApplication on DESKTOP-VOMVIUL with PID 5040 (E:\Workspaces\PersonalWorkspace\orchestration-microservices-transaction\shipping-service\target\classes started by vf in E:\Workspaces\PersonalWorkspace\orchestration-microservices-transaction\shipping-service) 
2021-04-23 14:12:50,553 DEBUG | main | i.v.omt.shipping.ShippingServiceApplication            | Running with Spring Boot v2.1.10.RELEASE, Spring v5.1.11.RELEASE 
2021-04-23 14:12:50,553  INFO | main | i.v.omt.shipping.ShippingServiceApplication            | The following profiles are active: dev 
2021-04-23 14:12:54,327  INFO | main | i.v.omt.shipping.ShippingServiceApplication            | Started ShippingServiceApplication in 4.351 seconds (JVM running for 5.29) 
2021-04-23 14:13:21,184  INFO | http-nio-8895-exec-2 | it.vinicioflamini.omt.shipping.service.ShippingService | Shipping failed for order id: 234 
2021-04-23 14:13:21,184  INFO | http-nio-8895-exec-2 | it.vinicioflamini.omt.shipping.service.ShippingService | Going to send a "ShipmentFailedEvent" for order 234 
2021-04-23 14:13:21,582  INFO | http-nio-8895-exec-1 | it.vinicioflamini.omt.shipping.service.ShippingService | Shipping failed for order id: 234 
2021-04-23 14:13:21,582  INFO | http-nio-8895-exec-1 | it.vinicioflamini.omt.shipping.service.ShippingService | Going to send a "ShipmentFailedEvent" for order 234 
2021-04-23 14:13:22,207  INFO | http-nio-8895-exec-3 | it.vinicioflamini.omt.shipping.service.ShippingService | Shipping completed successfully for order 234 
2021-04-23 14:13:22,208  INFO | http-nio-8895-exec-3 | it.vinicioflamini.omt.shipping.service.ShippingService | Going to send a "ShipmentProcessedEvent" for order 234 
2021-04-23 14:13:45,789  INFO | http-nio-8895-exec-6 | it.vinicioflamini.omt.shipping.service.ShippingService | Shipping failed for order id: 234 
2021-04-23 14:13:45,789  INFO | http-nio-8895-exec-6 | it.vinicioflamini.omt.shipping.service.ShippingService | Going to send a "ShipmentFailedEvent" for order 234 
2021-04-23 14:13:51,394  INFO | http-nio-8895-exec-8 | it.vinicioflamini.omt.shipping.service.ShippingService | Shipping failed for order id: 234 
2021-04-23 14:13:51,394  INFO | http-nio-8895-exec-8 | it.vinicioflamini.omt.shipping.service.ShippingService | Going to send a "ShipmentFailedEvent" for order 234 
2021-04-23 14:13:55,212  INFO | http-nio-8895-exec-9 | it.vinicioflamini.omt.shipping.service.ShippingService | Shipping completed successfully for order 234 
2021-04-23 14:13:55,212  INFO | http-nio-8895-exec-9 | it.vinicioflamini.omt.shipping.service.ShippingService | Going to send a "ShipmentProcessedEvent" for order 234 
2021-04-23 14:14:17,769  INFO | http-nio-8895-exec-4 | it.vinicioflamini.omt.shipping.service.ShippingService | Shipping failed for order id: 234 
2021-04-23 14:14:17,769  INFO | http-nio-8895-exec-4 | it.vinicioflamini.omt.shipping.service.ShippingService | Going to send a "ShipmentFailedEvent" for order 234 
2021-04-23 14:14:22,202  INFO | http-nio-8895-exec-2 | it.vinicioflamini.omt.shipping.service.ShippingService | Shipping completed successfully for order 234 
2021-04-23 14:14:22,203  INFO | http-nio-8895-exec-2 | it.vinicioflamini.omt.shipping.service.ShippingService | Going to send a "ShipmentProcessedEvent" for order 234 
2021-04-23 14:14:27,214  INFO | http-nio-8895-exec-1 | it.vinicioflamini.omt.shipping.service.ShippingService | Shipping failed for order id: 234 
2021-04-23 14:14:27,214  INFO | http-nio-8895-exec-1 | it.vinicioflamini.omt.shipping.service.ShippingService | Going to send a "ShipmentFailedEvent" for order 234 
2021-04-23 14:14:31,525  INFO | http-nio-8895-exec-3 | it.vinicioflamini.omt.shipping.service.ShippingService | Shipping completed successfully for order 234 
2021-04-23 14:14:31,525  INFO | http-nio-8895-exec-3 | it.vinicioflamini.omt.shipping.service.ShippingService | Going to send a "ShipmentProcessedEvent" for order 234 
2021-04-23 14:14:44,856  INFO | http-nio-8895-exec-6 | it.vinicioflamini.omt.shipping.service.ShippingService | Shipping completed successfully for order 234 
2021-04-23 14:14:44,856  INFO | http-nio-8895-exec-6 | it.vinicioflamini.omt.shipping.service.ShippingService | Going to send a "ShipmentProcessedEvent" for order 234 
2021-04-23 14:14:51,455  INFO | http-nio-8895-exec-8 | it.vinicioflamini.omt.shipping.service.ShippingService | Shipping failed for order id: 234 
2021-04-23 14:14:51,455  INFO | http-nio-8895-exec-8 | it.vinicioflamini.omt.shipping.service.ShippingService | Going to send a "ShipmentFailedEvent" for order 234 
2021-04-23 14:15:18,056  INFO | http-nio-8895-exec-10 | it.vinicioflamini.omt.shipping.service.ShippingService | Shipping failed for order id: 234 
2021-04-23 14:15:18,056  INFO | http-nio-8895-exec-10 | it.vinicioflamini.omt.shipping.service.ShippingService | Going to send a "ShipmentFailedEvent" for order 234 
2021-04-23 14:15:18,699  INFO | http-nio-8895-exec-4 | it.vinicioflamini.omt.shipping.service.ShippingService | Shipping failed for order id: 234 
2021-04-23 14:15:18,699  INFO | http-nio-8895-exec-4 | it.vinicioflamini.omt.shipping.service.ShippingService | Going to send a "ShipmentFailedEvent" for order 234 
2021-04-23 14:15:19,214  INFO | http-nio-8895-exec-2 | it.vinicioflamini.omt.shipping.service.ShippingService | Shipping failed for order id: 234 
2021-04-23 14:15:19,214  INFO | http-nio-8895-exec-2 | it.vinicioflamini.omt.shipping.service.ShippingService | Going to send a "ShipmentFailedEvent" for order 234 
2021-04-23 14:15:19,791  INFO | http-nio-8895-exec-1 | it.vinicioflamini.omt.shipping.service.ShippingService | Shipping failed for order id: 234 
2021-04-23 14:15:19,791  INFO | http-nio-8895-exec-1 | it.vinicioflamini.omt.shipping.service.ShippingService | Going to send a "ShipmentFailedEvent" for order 234 
2021-04-23 14:15:20,292  INFO | http-nio-8895-exec-3 | it.vinicioflamini.omt.shipping.service.ShippingService | Shipping completed successfully for order 234 
2021-04-23 14:15:20,292  INFO | http-nio-8895-exec-3 | it.vinicioflamini.omt.shipping.service.ShippingService | Going to send a "ShipmentProcessedEvent" for order 234 
2021-04-23 14:29:25,049  INFO | http-nio-8895-exec-6 | it.vinicioflamini.omt.shipping.service.ShippingService | Shipping failed for order id: 234 
2021-04-23 14:29:25,050  INFO | http-nio-8895-exec-6 | it.vinicioflamini.omt.shipping.service.ShippingService | Going to send a "ShipmentFailedEvent" for order 234 
2021-04-23 14:29:43,897  INFO | http-nio-8895-exec-8 | it.vinicioflamini.omt.shipping.service.ShippingService | Shipping completed successfully for order 234 
2021-04-23 14:29:43,897  INFO | http-nio-8895-exec-8 | it.vinicioflamini.omt.shipping.service.ShippingService | Going to send a "ShipmentProcessedEvent" for order 234 
2021-04-23 14:43:43,264  INFO | main | i.v.omt.shipping.ShippingServiceApplication            | Starting ShippingServiceApplication on DESKTOP-VOMVIUL with PID 12956 (E:\Workspaces\PersonalWorkspace\orchestration-microservices-transaction\shipping-service\target\classes started by vf in E:\Workspaces\PersonalWorkspace\orchestration-microservices-transaction\shipping-service) 
2021-04-23 14:43:43,264  INFO | main | i.v.omt.shipping.ShippingServiceApplication            | The following profiles are active: dev 
2021-04-23 14:43:48,744  INFO | main | i.v.omt.shipping.ShippingServiceApplication            | Started ShippingServiceApplication in 6.895 seconds (JVM running for 9.575) 
2021-04-23 14:44:07,250  INFO | http-nio-8895-exec-2 | it.vinicioflamini.omt.shipping.service.ShippingService | Shipping failed for order id: 234 
2021-04-23 14:44:07,250  INFO | http-nio-8895-exec-2 | it.vinicioflamini.omt.shipping.service.ShippingService | Going to send a "ShipmentFailedEvent" for order 234 
2021-04-23 14:44:08,577  INFO | http-nio-8895-exec-1 | it.vinicioflamini.omt.shipping.service.ShippingService | Shipping failed for order id: 234 
2021-04-23 14:44:08,577  INFO | http-nio-8895-exec-1 | it.vinicioflamini.omt.shipping.service.ShippingService | Going to send a "ShipmentFailedEvent" for order 234 
2021-04-23 14:44:09,467  INFO | http-nio-8895-exec-3 | it.vinicioflamini.omt.shipping.service.ShippingService | Shipping completed successfully for order 234 
2021-04-23 14:44:09,467  INFO | http-nio-8895-exec-3 | it.vinicioflamini.omt.shipping.service.ShippingService | Going to send a "ShipmentProcessedEvent" for order 234 
2021-04-23 14:44:10,189  INFO | http-nio-8895-exec-4 | it.vinicioflamini.omt.shipping.service.ShippingService | Shipping failed for order id: 234 
2021-04-23 14:44:10,189  INFO | http-nio-8895-exec-4 | it.vinicioflamini.omt.shipping.service.ShippingService | Going to send a "ShipmentFailedEvent" for order 234 
2021-04-23 14:44:10,859  INFO | http-nio-8895-exec-5 | it.vinicioflamini.omt.shipping.service.ShippingService | Shipping failed for order id: 234 
2021-04-23 14:44:10,859  INFO | http-nio-8895-exec-5 | it.vinicioflamini.omt.shipping.service.ShippingService | Going to send a "ShipmentFailedEvent" for order 234 
2021-04-23 14:44:11,530  INFO | http-nio-8895-exec-8 | it.vinicioflamini.omt.shipping.service.ShippingService | Shipping failed for order id: 234 
2021-04-23 14:44:11,530  INFO | http-nio-8895-exec-8 | it.vinicioflamini.omt.shipping.service.ShippingService | Going to send a "ShipmentFailedEvent" for order 234 
2021-04-23 14:44:12,234  INFO | http-nio-8895-exec-7 | it.vinicioflamini.omt.shipping.service.ShippingService | Shipping completed successfully for order 234 
2021-04-23 14:44:12,235  INFO | http-nio-8895-exec-7 | it.vinicioflamini.omt.shipping.service.ShippingService | Going to send a "ShipmentProcessedEvent" for order 234 
2021-04-23 14:44:12,955  INFO | http-nio-8895-exec-9 | it.vinicioflamini.omt.shipping.service.ShippingService | Shipping failed for order id: 234 
2021-04-23 14:44:12,955  INFO | http-nio-8895-exec-9 | it.vinicioflamini.omt.shipping.service.ShippingService | Going to send a "ShipmentFailedEvent" for order 234 
2021-04-23 14:44:13,638  INFO | http-nio-8895-exec-6 | it.vinicioflamini.omt.shipping.service.ShippingService | Shipping completed successfully for order 234 
2021-04-23 14:44:13,638  INFO | http-nio-8895-exec-6 | it.vinicioflamini.omt.shipping.service.ShippingService | Going to send a "ShipmentProcessedEvent" for order 234 
2021-04-23 14:44:14,199  INFO | http-nio-8895-exec-10 | it.vinicioflamini.omt.shipping.service.ShippingService | Shipping completed successfully for order 234 
2021-04-23 14:44:14,199  INFO | http-nio-8895-exec-10 | it.vinicioflamini.omt.shipping.service.ShippingService | Going to send a "ShipmentProcessedEvent" for order 234 
2021-04-23 14:44:14,788  INFO | http-nio-8895-exec-2 | it.vinicioflamini.omt.shipping.service.ShippingService | Shipping failed for order id: 234 
2021-04-23 14:44:14,788  INFO | http-nio-8895-exec-2 | it.vinicioflamini.omt.shipping.service.ShippingService | Going to send a "ShipmentFailedEvent" for order 234 
2021-04-23 14:44:15,370  INFO | http-nio-8895-exec-1 | it.vinicioflamini.omt.shipping.service.ShippingService | Shipping failed for order id: 234 
2021-04-23 14:44:15,370  INFO | http-nio-8895-exec-1 | it.vinicioflamini.omt.shipping.service.ShippingService | Going to send a "ShipmentFailedEvent" for order 234 
2021-04-23 14:44:16,522  INFO | http-nio-8895-exec-3 | it.vinicioflamini.omt.shipping.service.ShippingService | Shipping failed for order id: 234 
2021-04-23 14:44:16,522  INFO | http-nio-8895-exec-3 | it.vinicioflamini.omt.shipping.service.ShippingService | Going to send a "ShipmentFailedEvent" for order 234 
2021-04-23 14:44:17,177  INFO | http-nio-8895-exec-4 | it.vinicioflamini.omt.shipping.service.ShippingService | Shipping completed successfully for order 234 
2021-04-23 14:44:17,177  INFO | http-nio-8895-exec-4 | it.vinicioflamini.omt.shipping.service.ShippingService | Going to send a "ShipmentProcessedEvent" for order 234 
2021-04-23 14:44:17,756  INFO | http-nio-8895-exec-5 | it.vinicioflamini.omt.shipping.service.ShippingService | Shipping completed successfully for order 234 
2021-04-23 14:44:17,756  INFO | http-nio-8895-exec-5 | it.vinicioflamini.omt.shipping.service.ShippingService | Going to send a "ShipmentProcessedEvent" for order 234 
2021-04-23 14:44:18,264  INFO | http-nio-8895-exec-8 | it.vinicioflamini.omt.shipping.service.ShippingService | Shipping completed successfully for order 234 
2021-04-23 14:44:18,264  INFO | http-nio-8895-exec-8 | it.vinicioflamini.omt.shipping.service.ShippingService | Going to send a "ShipmentProcessedEvent" for order 234 
2021-04-23 14:44:18,707  INFO | http-nio-8895-exec-7 | it.vinicioflamini.omt.shipping.service.ShippingService | Shipping completed successfully for order 234 
2021-04-23 14:44:18,707  INFO | http-nio-8895-exec-7 | it.vinicioflamini.omt.shipping.service.ShippingService | Going to send a "ShipmentProcessedEvent" for order 234 
2021-04-23 14:44:21,743  INFO | http-nio-8895-exec-9 | it.vinicioflamini.omt.shipping.service.ShippingService | Shipping failed for order id: 234 
2021-04-23 14:44:21,743  INFO | http-nio-8895-exec-9 | it.vinicioflamini.omt.shipping.service.ShippingService | Going to send a "ShipmentFailedEvent" for order 234 
2021-04-23 14:44:22,193  INFO | http-nio-8895-exec-6 | it.vinicioflamini.omt.shipping.service.ShippingService | Shipping failed for order id: 234 
2021-04-23 14:44:22,193  INFO | http-nio-8895-exec-6 | it.vinicioflamini.omt.shipping.service.ShippingService | Going to send a "ShipmentFailedEvent" for order 234 
2021-04-23 14:44:22,884  INFO | http-nio-8895-exec-10 | it.vinicioflamini.omt.shipping.service.ShippingService | Shipping completed successfully for order 234 
2021-04-23 14:44:22,884  INFO | http-nio-8895-exec-10 | it.vinicioflamini.omt.shipping.service.ShippingService | Going to send a "ShipmentProcessedEvent" for order 234 
2021-04-23 14:44:23,467  INFO | http-nio-8895-exec-2 | it.vinicioflamini.omt.shipping.service.ShippingService | Shipping completed successfully for order 234 
2021-04-23 14:44:23,467  INFO | http-nio-8895-exec-2 | it.vinicioflamini.omt.shipping.service.ShippingService | Going to send a "ShipmentProcessedEvent" for order 234 
2021-04-23 14:44:25,118  INFO | http-nio-8895-exec-1 | it.vinicioflamini.omt.shipping.service.ShippingService | Shipping failed for order id: 234 
2021-04-23 14:44:25,118  INFO | http-nio-8895-exec-1 | it.vinicioflamini.omt.shipping.service.ShippingService | Going to send a "ShipmentFailedEvent" for order 234 
2021-04-23 14:44:30,000  INFO | http-nio-8895-exec-3 | it.vinicioflamini.omt.shipping.service.ShippingService | Shipping failed for order id: 234 
2021-04-23 14:44:30,000  INFO | http-nio-8895-exec-3 | it.vinicioflamini.omt.shipping.service.ShippingService | Going to send a "ShipmentFailedEvent" for order 234 
2021-04-23 14:44:30,018  INFO | http-nio-8895-exec-4 | it.vinicioflamini.omt.shipping.service.ShippingService | Shipping completed successfully for order 234 
2021-04-23 14:44:30,018  INFO | http-nio-8895-exec-4 | it.vinicioflamini.omt.shipping.service.ShippingService | Going to send a "ShipmentProcessedEvent" for order 234 
2021-04-23 14:44:31,711  INFO | http-nio-8895-exec-5 | it.vinicioflamini.omt.shipping.service.ShippingService | Shipping completed successfully for order 234 
2021-04-23 14:44:31,711  INFO | http-nio-8895-exec-5 | it.vinicioflamini.omt.shipping.service.ShippingService | Going to send a "ShipmentProcessedEvent" for order 234 
2021-04-23 14:44:31,726  INFO | http-nio-8895-exec-8 | it.vinicioflamini.omt.shipping.service.ShippingService | Shipping completed successfully for order 234 
2021-04-23 14:44:31,727  INFO | http-nio-8895-exec-8 | it.vinicioflamini.omt.shipping.service.ShippingService | Going to send a "ShipmentProcessedEvent" for order 234 
2021-04-23 14:44:31,738  INFO | http-nio-8895-exec-7 | it.vinicioflamini.omt.shipping.service.ShippingService | Shipping completed successfully for order 234 
2021-04-23 14:44:31,739  INFO | http-nio-8895-exec-7 | it.vinicioflamini.omt.shipping.service.ShippingService | Going to send a "ShipmentProcessedEvent" for order 234 
2021-04-23 14:44:31,770  INFO | http-nio-8895-exec-9 | it.vinicioflamini.omt.shipping.service.ShippingService | Shipping failed for order id: 234 
2021-04-23 14:44:31,770  INFO | http-nio-8895-exec-9 | it.vinicioflamini.omt.shipping.service.ShippingService | Going to send a "ShipmentFailedEvent" for order 234 
2021-04-23 14:44:31,788  INFO | http-nio-8895-exec-6 | it.vinicioflamini.omt.shipping.service.ShippingService | Shipping completed successfully for order 234 
2021-04-23 14:44:31,788  INFO | http-nio-8895-exec-6 | it.vinicioflamini.omt.shipping.service.ShippingService | Going to send a "ShipmentProcessedEvent" for order 234 
2021-04-23 14:44:31,811  INFO | http-nio-8895-exec-10 | it.vinicioflamini.omt.shipping.service.ShippingService | Shipping completed successfully for order 234 
2021-04-23 14:44:31,812  INFO | http-nio-8895-exec-10 | it.vinicioflamini.omt.shipping.service.ShippingService | Going to send a "ShipmentProcessedEvent" for order 234 
2021-04-23 14:44:31,877  INFO | http-nio-8895-exec-2 | it.vinicioflamini.omt.shipping.service.ShippingService | Shipping completed successfully for order 234 
2021-04-23 14:44:31,877  INFO | http-nio-8895-exec-2 | it.vinicioflamini.omt.shipping.service.ShippingService | Going to send a "ShipmentProcessedEvent" for order 234 
2021-04-23 14:44:31,892  INFO | http-nio-8895-exec-1 | it.vinicioflamini.omt.shipping.service.ShippingService | Shipping failed for order id: 234 
2021-04-23 14:44:31,892  INFO | http-nio-8895-exec-1 | it.vinicioflamini.omt.shipping.service.ShippingService | Going to send a "ShipmentFailedEvent" for order 234 
2021-04-23 14:44:31,904  INFO | http-nio-8895-exec-3 | it.vinicioflamini.omt.shipping.service.ShippingService | Shipping completed successfully for order 234 
2021-04-23 14:44:31,904  INFO | http-nio-8895-exec-3 | it.vinicioflamini.omt.shipping.service.ShippingService | Going to send a "ShipmentProcessedEvent" for order 234 
2021-04-23 14:44:31,908  INFO | http-nio-8895-exec-4 | it.vinicioflamini.omt.shipping.service.ShippingService | Shipping completed successfully for order 234 
2021-04-23 14:44:31,908  INFO | http-nio-8895-exec-4 | it.vinicioflamini.omt.shipping.service.ShippingService | Going to send a "ShipmentProcessedEvent" for order 234 
2021-04-23 14:44:46,784  INFO | http-nio-8895-exec-7 | it.vinicioflamini.omt.shipping.service.ShippingService | Shipping failed for order id: 234 
2021-04-23 14:44:46,784  INFO | http-nio-8895-exec-7 | it.vinicioflamini.omt.shipping.service.ShippingService | Going to send a "ShipmentFailedEvent" for order 234 
2021-04-23 14:44:47,811  INFO | http-nio-8895-exec-9 | it.vinicioflamini.omt.shipping.service.ShippingService | Shipping failed for order id: 234 
2021-04-23 14:44:47,811  INFO | http-nio-8895-exec-9 | it.vinicioflamini.omt.shipping.service.ShippingService | Going to send a "ShipmentFailedEvent" for order 234 
2021-04-23 14:44:49,376  INFO | http-nio-8895-exec-6 | it.vinicioflamini.omt.shipping.service.ShippingService | Shipping failed for order id: 234 
2021-04-23 14:44:49,376  INFO | http-nio-8895-exec-6 | it.vinicioflamini.omt.shipping.service.ShippingService | Going to send a "ShipmentFailedEvent" for order 234 
2021-04-23 14:44:50,109  INFO | http-nio-8895-exec-10 | it.vinicioflamini.omt.shipping.service.ShippingService | Shipping completed successfully for order 234 
2021-04-23 14:44:50,109  INFO | http-nio-8895-exec-10 | it.vinicioflamini.omt.shipping.service.ShippingService | Going to send a "ShipmentProcessedEvent" for order 234 
2021-04-23 14:46:31,305  INFO | http-nio-8895-exec-1 | it.vinicioflamini.omt.shipping.service.ShippingService | Shipping completed successfully for order 234 
2021-04-23 14:46:31,305  INFO | http-nio-8895-exec-1 | it.vinicioflamini.omt.shipping.service.ShippingService | Going to send a "ShipmentProcessedEvent" for order 234 
2021-04-23 14:46:46,079  INFO | http-nio-8895-exec-4 | it.vinicioflamini.omt.shipping.service.ShippingService | Shipping completed successfully for order 234 
2021-04-23 14:46:46,080  INFO | http-nio-8895-exec-4 | it.vinicioflamini.omt.shipping.service.ShippingService | Going to send a "ShipmentProcessedEvent" for order 234 
2021-04-23 14:47:31,176  INFO | http-nio-8895-exec-5 | it.vinicioflamini.omt.shipping.service.ShippingService | Shipping failed for order id: 234 
2021-04-23 14:47:31,176  INFO | http-nio-8895-exec-5 | it.vinicioflamini.omt.shipping.service.ShippingService | Going to send a "ShipmentFailedEvent" for order 234 
2021-04-23 14:47:32,302  INFO | http-nio-8895-exec-7 | it.vinicioflamini.omt.shipping.service.ShippingService | Shipping failed for order id: 234 
2021-04-23 14:47:32,302  INFO | http-nio-8895-exec-7 | it.vinicioflamini.omt.shipping.service.ShippingService | Going to send a "ShipmentFailedEvent" for order 234 
2021-04-23 14:47:33,537  INFO | http-nio-8895-exec-9 | it.vinicioflamini.omt.shipping.service.ShippingService | Shipping failed for order id: 234 
2021-04-23 14:47:33,537  INFO | http-nio-8895-exec-9 | it.vinicioflamini.omt.shipping.service.ShippingService | Going to send a "ShipmentFailedEvent" for order 234 
2021-04-23 14:47:34,243  INFO | http-nio-8895-exec-6 | it.vinicioflamini.omt.shipping.service.ShippingService | Shipping completed successfully for order 234 
2021-04-23 14:47:34,243  INFO | http-nio-8895-exec-6 | it.vinicioflamini.omt.shipping.service.ShippingService | Going to send a "ShipmentProcessedEvent" for order 234 
2021-04-23 14:48:04,477  INFO | http-nio-8895-exec-2 | it.vinicioflamini.omt.shipping.service.ShippingService | Shipping failed for order id: 234 
2021-04-23 14:48:04,478  INFO | http-nio-8895-exec-2 | it.vinicioflamini.omt.shipping.service.ShippingService | Going to send a "ShipmentFailedEvent" for order 234 
2021-04-23 14:48:06,269  INFO | http-nio-8895-exec-1 | it.vinicioflamini.omt.shipping.service.ShippingService | Shipping completed successfully for order 234 
2021-04-23 14:48:06,270  INFO | http-nio-8895-exec-1 | it.vinicioflamini.omt.shipping.service.ShippingService | Going to send a "ShipmentProcessedEvent" for order 234 
2021-04-23 14:50:03,211  INFO | http-nio-8895-exec-4 | it.vinicioflamini.omt.shipping.service.ShippingService | Shipping failed for order id: 234 
2021-04-23 14:50:03,211  INFO | http-nio-8895-exec-4 | it.vinicioflamini.omt.shipping.service.ShippingService | Going to send a "ShipmentFailedEvent" for order 234 
2021-04-23 14:50:04,367  INFO | http-nio-8895-exec-8 | it.vinicioflamini.omt.shipping.service.ShippingService | Shipping completed successfully for order 234 
2021-04-23 14:50:04,367  INFO | http-nio-8895-exec-8 | it.vinicioflamini.omt.shipping.service.ShippingService | Going to send a "ShipmentProcessedEvent" for order 234 
2021-04-23 14:50:05,178  INFO | http-nio-8895-exec-5 | it.vinicioflamini.omt.shipping.service.ShippingService | Shipping completed successfully for order 234 
2021-04-23 14:50:05,178  INFO | http-nio-8895-exec-5 | it.vinicioflamini.omt.shipping.service.ShippingService | Going to send a "ShipmentProcessedEvent" for order 234 
2021-04-23 14:50:07,789  INFO | http-nio-8895-exec-7 | it.vinicioflamini.omt.shipping.service.ShippingService | Shipping failed for order id: 234 
2021-04-23 14:50:07,789  INFO | http-nio-8895-exec-7 | it.vinicioflamini.omt.shipping.service.ShippingService | Going to send a "ShipmentFailedEvent" for order 234 
2021-04-23 14:50:09,381  INFO | http-nio-8895-exec-9 | it.vinicioflamini.omt.shipping.service.ShippingService | Shipping failed for order id: 234 
2021-04-23 14:50:09,381  INFO | http-nio-8895-exec-9 | it.vinicioflamini.omt.shipping.service.ShippingService | Going to send a "ShipmentFailedEvent" for order 234 
2021-04-23 14:50:10,130  INFO | http-nio-8895-exec-6 | it.vinicioflamini.omt.shipping.service.ShippingService | Shipping completed successfully for order 234 
2021-04-23 14:50:10,130  INFO | http-nio-8895-exec-6 | it.vinicioflamini.omt.shipping.service.ShippingService | Going to send a "ShipmentProcessedEvent" for order 234 
2021-04-23 14:50:10,885  INFO | http-nio-8895-exec-10 | it.vinicioflamini.omt.shipping.service.ShippingService | Shipping failed for order id: 234 
2021-04-23 14:50:10,885  INFO | http-nio-8895-exec-10 | it.vinicioflamini.omt.shipping.service.ShippingService | Going to send a "ShipmentFailedEvent" for order 234 
2021-04-23 14:50:12,295  INFO | http-nio-8895-exec-2 | it.vinicioflamini.omt.shipping.service.ShippingService | Shipping failed for order id: 234 
2021-04-23 14:50:12,295  INFO | http-nio-8895-exec-2 | it.vinicioflamini.omt.shipping.service.ShippingService | Going to send a "ShipmentFailedEvent" for order 234 
2021-04-23 14:50:13,774  INFO | http-nio-8895-exec-1 | it.vinicioflamini.omt.shipping.service.ShippingService | Shipping completed successfully for order 234 
2021-04-23 14:50:13,774  INFO | http-nio-8895-exec-1 | it.vinicioflamini.omt.shipping.service.ShippingService | Going to send a "ShipmentProcessedEvent" for order 234 
2021-04-23 14:51:28,346  INFO | http-nio-8895-exec-4 | it.vinicioflamini.omt.shipping.service.ShippingService | Shipping completed successfully for order 234 
2021-04-23 14:51:28,346  INFO | http-nio-8895-exec-4 | it.vinicioflamini.omt.shipping.service.ShippingService | Going to send a "ShipmentProcessedEvent" for order 234 
2021-04-23 14:51:44,716  INFO | http-nio-8895-exec-5 | it.vinicioflamini.omt.shipping.service.ShippingService | Shipping completed successfully for order 234 
2021-04-23 14:51:44,716  INFO | http-nio-8895-exec-5 | it.vinicioflamini.omt.shipping.service.ShippingService | Going to send a "ShipmentProcessedEvent" for order 234 
2021-04-29 10:05:09,778  INFO | main | i.v.omt.shipping.ShippingServiceApplication            | Starting ShippingServiceApplication on DESKTOP-VOMVIUL with PID 8592 (E:\Workspaces\PersonalWorkspace\orchestration-microservices-transaction\shipping-service\target\classes started by vf in E:\Workspaces\PersonalWorkspace\orchestration-microservices-transaction\shipping-service) 
2021-04-29 10:05:09,787  INFO | main | i.v.omt.shipping.ShippingServiceApplication            | The following profiles are active: dev 
2021-04-29 10:05:17,289  INFO | main | i.v.omt.shipping.ShippingServiceApplication            | Started ShippingServiceApplication in 8.173 seconds (JVM running for 9.184) 
2021-05-12 15:53:14,402  INFO | main | it.vinicioflamini.omt.shipping.test.PackageTest        | Starting PackageTest on DESKTOP-VOMVIUL with PID 4848 (started by vf in E:\Workspaces\PersonalWorkspace\orchestration-microservices-transaction\shipping-service) 
2021-05-12 15:53:14,404  INFO | main | it.vinicioflamini.omt.shipping.test.PackageTest        | The following profiles are active: dev 
2021-05-12 15:53:24,713  INFO | main | it.vinicioflamini.omt.shipping.test.PackageTest        | Started PackageTest in 10.765 seconds (JVM running for 13.558) 
2021-05-12 15:53:25,240  INFO | main | it.vinicioflamini.omt.shipping.service.ShippingService | Shipping failed for order id: -1 
2021-05-12 15:53:25,240  INFO | main | it.vinicioflamini.omt.shipping.service.ShippingService | Going to send a "ShipmentFailedEvent" for order -1 
2021-05-12 15:55:42,508  INFO | main | it.vinicioflamini.omt.shipping.test.PackageTest        | Starting PackageTest on DESKTOP-VOMVIUL with PID 14580 (started by vf in E:\Workspaces\PersonalWorkspace\orchestration-microservices-transaction\shipping-service) 
2021-05-12 15:55:42,508  INFO | main | it.vinicioflamini.omt.shipping.test.PackageTest        | The following profiles are active: dev 
2021-05-12 15:55:53,013  INFO | main | it.vinicioflamini.omt.shipping.test.PackageTest        | Started PackageTest in 11.022 seconds (JVM running for 13.609) 
2021-05-12 15:55:53,546  INFO | main | it.vinicioflamini.omt.shipping.service.ShippingService | Shipping completed successfully for order -1 
2021-05-12 15:55:53,546  INFO | main | it.vinicioflamini.omt.shipping.service.ShippingService | Going to send a "ShipmentProcessedEvent" for order -1 
2021-05-12 16:06:36,365  INFO | main | it.vinicioflamini.omt.shipping.test.PackageTest        | Starting PackageTest on DESKTOP-VOMVIUL with PID 6880 (started by vf in E:\Workspaces\PersonalWorkspace\orchestration-microservices-transaction\shipping-service) 
2021-05-12 16:06:36,366  INFO | main | it.vinicioflamini.omt.shipping.test.PackageTest        | The following profiles are active: dev 
2021-05-12 16:06:46,342  INFO | main | it.vinicioflamini.omt.shipping.test.PackageTest        | Started PackageTest in 10.507 seconds (JVM running for 13.151) 
2021-05-12 16:06:46,871  INFO | main | it.vinicioflamini.omt.shipping.service.ShippingService | Shipping completed successfully for order -1 
2021-05-12 16:06:46,871  INFO | main | it.vinicioflamini.omt.shipping.service.ShippingService | Going to send a "ShipmentProcessedEvent" for order -1 
2021-05-12 16:23:17,425  INFO | main | it.vinicioflamini.omt.shipping.test.PackageTest        | Starting PackageTest on DESKTOP-VOMVIUL with PID 8308 (started by vf in E:\Workspaces\PersonalWorkspace\orchestration-microservices-transaction\shipping-service) 
2021-05-12 16:23:17,426  INFO | main | it.vinicioflamini.omt.shipping.test.PackageTest        | The following profiles are active: dev 
2021-05-12 16:23:27,438  INFO | main | it.vinicioflamini.omt.shipping.test.PackageTest        | Started PackageTest in 10.49 seconds (JVM running for 13.356) 
2021-05-12 16:23:27,939  INFO | main | it.vinicioflamini.omt.shipping.service.ShippingService | Shipping failed for order id: -1 
2021-05-12 16:23:27,939  INFO | main | it.vinicioflamini.omt.shipping.service.ShippingService | Going to send a "ShipmentFailedEvent" for order -1 
